Using pre-set license
Built from '2021.3/staging' branch; Version is '2021.3.14f1 (eee1884e7226) revision 15655304'; Using compiler version '192829333'; Build Type 'Release'
OS: 'Windows 11  (10.0.22621) 64bit CoreSingleLanguage' Language: 'tr' Physical Memory: 8029 MB
BatchMode: 1, IsHumanControllingUs: 0, StartBugReporterOnCrash: 0, Is64bit: 1, IsPro: 1

COMMAND LINE ARGUMENTS:
C:\Program Files\Unity\Hub\Editor\2021.3.14f1\Editor\Unity.exe
-adb2
-batchMode
-noUpm
-name
AssetImportWorker0
-projectPath
C:/Users/ASUS/Desktop/Slice-it-all-3d-main/slice-it-all-clone
-logFile
Logs/AssetImportWorker0.log
-srvPort
56440
Successfully changed project path to: C:/Users/ASUS/Desktop/Slice-it-all-3d-main/slice-it-all-clone
C:/Users/ASUS/Desktop/Slice-it-all-3d-main/slice-it-all-clone
[UnityMemory] Configuration Parameters - Can be set up in boot.config
    "memorysetup-bucket-allocator-granularity=16"
    "memorysetup-bucket-allocator-bucket-count=8"
    "memorysetup-bucket-allocator-block-size=33554432"
    "memorysetup-bucket-allocator-block-count=8"
    "memorysetup-main-allocator-block-size=16777216"
    "memorysetup-thread-allocator-block-size=16777216"
    "memorysetup-gfx-main-allocator-block-size=16777216"
    "memorysetup-gfx-thread-allocator-block-size=16777216"
    "memorysetup-cache-allocator-block-size=4194304"
    "memorysetup-typetree-allocator-block-size=2097152"
    "memorysetup-profiler-bucket-allocator-granularity=16"
    "memorysetup-profiler-bucket-allocator-bucket-count=8"
    "memorysetup-profiler-bucket-allocator-block-size=33554432"
    "memorysetup-profiler-bucket-allocator-block-count=8"
    "memorysetup-profiler-allocator-block-size=16777216"
    "memorysetup-profiler-editor-allocator-block-size=1048576"
    "memorysetup-temp-allocator-size-main=16777216"
    "memorysetup-job-temp-allocator-block-size=2097152"
    "memorysetup-job-temp-allocator-block-size-background=1048576"
    "memorysetup-job-temp-allocator-reduction-small-platforms=262144"
    "memorysetup-temp-allocator-size-background-worker=32768"
    "memorysetup-temp-allocator-size-job-worker=262144"
    "memorysetup-temp-allocator-size-preload-manager=33554432"
    "memorysetup-temp-allocator-size-nav-mesh-worker=65536"
    "memorysetup-temp-allocator-size-audio-worker=65536"
    "memorysetup-temp-allocator-size-cloud-worker=32768"
    "memorysetup-temp-allocator-size-gi-baking-worker=262144"
    "memorysetup-temp-allocator-size-gfx=262144"
Refreshing native plugins compatible for Editor in 114.04 ms, found 3 plugins.
Preloading 0 native plugins for Editor in 0.00 ms.
Initialize engine version: 2021.3.14f1 (eee1884e7226)
[Subsystems] Discovering subsystems at path C:/Program Files/Unity/Hub/Editor/2021.3.14f1/Editor/Data/Resources/UnitySubsystems
[Subsystems] Discovering subsystems at path C:/Users/ASUS/Desktop/Slice-it-all-3d-main/slice-it-all-clone/Assets
GfxDevice: creating device client; threaded=0; jobified=0
Direct3D:
    Version:  Direct3D 11.0 [level 11.1]
    Renderer: NVIDIA GeForce GTX 1650 (ID=0x1f99)
    Vendor:   NVIDIA
    VRAM:     3962 MB
    Driver:   31.0.15.1691
Initialize mono
Mono path[0] = 'C:/Program Files/Unity/Hub/Editor/2021.3.14f1/Editor/Data/Managed'
Mono path[1] = 'C:/Program Files/Unity/Hub/Editor/2021.3.14f1/Editor/Data/MonoBleedingEdge/lib/mono/unityjit-win32'
Mono config path = 'C:/Program Files/Unity/Hub/Editor/2021.3.14f1/Editor/Data/MonoBleedingEdge/etc'
Using monoOptions --debugger-agent=transport=dt_socket,embedding=1,server=y,suspend=n,address=127.0.0.1:56512
Begin MonoManager ReloadAssembly
Registering precompiled unity dll's ...
Register platform support module: C:/Program Files/Unity/Hub/Editor/2021.3.14f1/Editor/Data/PlaybackEngines/AndroidPlayer/UnityEditor.Android.Extensions.dll
Register platform support module: C:/Program Files/Unity/Hub/Editor/2021.3.14f1/Editor/Data/PlaybackEngines/iOSSupport/UnityEditor.iOS.Extensions.dll
Register platform support module: C:/Program Files/Unity/Hub/Editor/2021.3.14f1/Editor/Data/PlaybackEngines/WindowsStandaloneSupport/UnityEditor.WindowsStandalone.Extensions.dll
Registered in 0.008545 seconds.
Native extension for WindowsStandalone target not found
[usbmuxd] Start listen thread
[usbmuxd] Listen thread started
[usbmuxd] Send listen message
Native extension for iOS target not found
Native extension for Android target not found
Refreshing native plugins compatible for Editor in 100.96 ms, found 3 plugins.
Preloading 0 native plugins for Editor in 0.00 ms.
Mono: successfully reloaded assembly
- Completed reload, in  0.794 seconds
Domain Reload Profiling:
	ReloadAssembly (795ms)
		BeginReloadAssembly (127ms)
			ExecutionOrderSort (0ms)
			DisableScriptedObjects (0ms)
			BackupInstance (0ms)
			ReleaseScriptingObjects (0ms)
			CreateAndSetChildDomain (1ms)
		EndReloadAssembly (556ms)
			LoadAssemblies (126ms)
			RebuildTransferFunctionScriptingTraits (0ms)
			SetupTypeCache (117ms)
			ReleaseScriptCaches (0ms)
			RebuildScriptCaches (33ms)
			SetupLoadedEditorAssemblies (350ms)
				LogAssemblyErrors (0ms)
				InitializePlatformSupportModulesInManaged (72ms)
				SetLoadedEditorAssemblies (0ms)
				RefreshPlugins (101ms)
				BeforeProcessingInitializeOnLoad (1ms)
				ProcessInitializeOnLoadAttributes (114ms)
				ProcessInitializeOnLoadMethodAttributes (62ms)
				AfterProcessingInitializeOnLoad (0ms)
				EditorAssembliesLoaded (0ms)
			ExecutionOrderSort2 (0ms)
			AwakeInstancesAfterBackupRestoration (0ms)
Platform modules already initialized, skipping
Registering precompiled user dll's ...
Registered in 0.035358 seconds.
Android Extension - Scanning For ADB Devices 4975 ms
Begin MonoManager ReloadAssembly
Symbol file LoadedFromMemory doesn't match image C:\Users\ASUS\Desktop\Slice-it-all-3d-main\slice-it-all-clone\Library\PackageCache\com.unity.visualscripting@1.7.8\Editor\VisualScripting.Core\Dependencies\YamlDotNet\Unity.VisualScripting.YamlDotNet.dll
Symbol file LoadedFromMemory doesn't match image C:\Users\ASUS\Desktop\Slice-it-all-3d-main\slice-it-all-clone\Library\PackageCache\com.unity.visualscripting@1.7.8\Editor\VisualScripting.Core\Dependencies\DotNetZip\Unity.VisualScripting.IonicZip.dll
Native extension for WindowsStandalone target not found
Native extension for iOS target not found
Native extension for Android target not found
Refreshing native plugins compatible for Editor in 121.39 ms, found 3 plugins.
Preloading 0 native plugins for Editor in 0.00 ms.
Mono: successfully reloaded assembly
- Completed reload, in  3.383 seconds
Domain Reload Profiling:
	ReloadAssembly (3384ms)
		BeginReloadAssembly (149ms)
			ExecutionOrderSort (0ms)
			DisableScriptedObjects (6ms)
			BackupInstance (0ms)
			ReleaseScriptingObjects (0ms)
			CreateAndSetChildDomain (24ms)
		EndReloadAssembly (2296ms)
			LoadAssemblies (945ms)
			RebuildTransferFunctionScriptingTraits (0ms)
			SetupTypeCache (367ms)
			ReleaseScriptCaches (1ms)
			RebuildScriptCaches (71ms)
			SetupLoadedEditorAssemblies (889ms)
				LogAssemblyErrors (0ms)
				InitializePlatformSupportModulesInManaged (21ms)
				SetLoadedEditorAssemblies (0ms)
				RefreshPlugins (121ms)
				BeforeProcessingInitializeOnLoad (136ms)
				ProcessInitializeOnLoadAttributes (284ms)
				ProcessInitializeOnLoadMethodAttributes (319ms)
				AfterProcessingInitializeOnLoad (6ms)
				EditorAssembliesLoaded (0ms)
			ExecutionOrderSort2 (0ms)
			AwakeInstancesAfterBackupRestoration (6ms)
Platform modules already initialized, skipping
========================================================================
Worker process is ready to serve import requests
Launched and connected shader compiler UnityShaderCompiler.exe after 0.05 seconds
Refreshing native plugins compatible for Editor in 0.87 ms, found 3 plugins.
Preloading 0 native plugins for Editor in 0.00 ms.
Unloading 5193 Unused Serialized files (Serialized files now loaded: 0)
Unloading 35 unused Assets / (0.7 MB). Loaded Objects now: 5647.
Memory consumption went from 204.8 MB to 204.1 MB.
Total: 5.275700 ms (FindLiveObjects: 0.799600 ms CreateObjectMapping: 0.820100 ms MarkObjects: 3.328300 ms  DeleteObjects: 0.326100 ms)

AssetImportParameters requested are different than current active one (requested -> active):
  custom:video-decoder-ogg-theora: a1e56fd34408186e4bbccfd4996cb3dc -> 
  custom:container-muxer-webm: aa71ff27fc2769a1b78a27578f13a17b -> 
  custom:container-demuxer-webm: 4f35f7cbe854078d1ac9338744f61a02 -> 
  custom:video-encoder-webm-vp8: eb34c28f22e8b96e1ab97ce403110664 -> 
  custom:video-codec-MediaFoundation-h265: 746d11721c4dcdbdad8f713fa42b33f4 -> 
  custom:audio-encoder-webm-vorbis: bf7c407c2cedff20999df2af8eb42d56 -> 
  custom:framework-win-MediaFoundation: 216162199b28c13a410421893ffa2e32 -> 
  custom:container-demuxer-ogg: 62fdf1f143b41e24485cea50d1cbac27 -> 
  custom:video-decoder-webm-vp8: 9c59270c3fd7afecdb556c50c9e8de78 -> 
  custom:audio-decoder-ogg-vorbis: bf7c407c2cedff20999df2af8eb42d56 -> 
========================================================================
Received Import Request.
  Time since last request: 904853.764041 seconds.
  path: Assets/Materials/Item.mat
  artifactKey: Guid(2d2801a1907c65a41873c83d1e4e0df8) Importer(815301076,1909f56bfc062723c751e8b465ee728b)
Start importing Assets/Materials/Item.mat using Guid(2d2801a1907c65a41873c83d1e4e0df8) Importer(815301076,1909f56bfc062723c751e8b465ee728b)  -> (artifact id: '3b1490c78f6814026e0e54692bc2d46e') in 0.797030 seconds 
========================================================================
Received Import Request.
  Time since last request: 0.000048 seconds.
  path: Assets/Materials/ForCutableObjects/CutableObject 3.mat
  artifactKey: Guid(fbde80e2121f4594d83113bec008995c) Importer(815301076,1909f56bfc062723c751e8b465ee728b)
Start importing Assets/Materials/ForCutableObjects/CutableObject 3.mat using Guid(fbde80e2121f4594d83113bec008995c) Importer(815301076,1909f56bfc062723c751e8b465ee728b)  -> (artifact id: '216bcdae15a5b01ac6514a58dc3ce3ac') in 0.030103 seconds 
========================================================================
Received Import Request.
  Time since last request: 0.000046 seconds.
  path: Assets/Materials/KnifeOtherPart.mat
  artifactKey: Guid(8b83c0491e9f8184ebf154e57eb64fcb) Importer(815301076,1909f56bfc062723c751e8b465ee728b)
Start importing Assets/Materials/KnifeOtherPart.mat using Guid(8b83c0491e9f8184ebf154e57eb64fcb) Importer(815301076,1909f56bfc062723c751e8b465ee728b)  -> (artifact id: 'da8d7e5689ea87608c315d643ab38900') in 0.032188 seconds 
========================================================================
Received Import Request.
  Time since last request: 0.000052 seconds.
  path: Assets/Materials/Ground.mat
  artifactKey: Guid(b34bd94eb5c57af4599f8e708f83f3a5) Importer(815301076,1909f56bfc062723c751e8b465ee728b)
Start importing Assets/Materials/Ground.mat using Guid(b34bd94eb5c57af4599f8e708f83f3a5) Importer(815301076,1909f56bfc062723c751e8b465ee728b)  -> (artifact id: 'a7db4e87fc584f5f9e7751525bcfc65c') in 0.022967 seconds 
========================================================================
Received Import Request.
  Time since last request: 0.000038 seconds.
  path: Assets/Materials/Outside Part of Buildings.mat
  artifactKey: Guid(7ccc3849de5cd7b43809d5a3b2b8a3d0) Importer(815301076,1909f56bfc062723c751e8b465ee728b)
Start importing Assets/Materials/Outside Part of Buildings.mat using Guid(7ccc3849de5cd7b43809d5a3b2b8a3d0) Importer(815301076,1909f56bfc062723c751e8b465ee728b)  -> (artifact id: '3257c3a269f8dd2beaf00f59f33c0734') in 0.027774 seconds 
========================================================================
Received Import Request.
  Time since last request: 0.000038 seconds.
  path: Assets/Materials/ForCutableObjects/CutableObject 6.mat
  artifactKey: Guid(9f220c337c607ef40bbc72806ec6c241) Importer(815301076,1909f56bfc062723c751e8b465ee728b)
Start importing Assets/Materials/ForCutableObjects/CutableObject 6.mat using Guid(9f220c337c607ef40bbc72806ec6c241) Importer(815301076,1909f56bfc062723c751e8b465ee728b)  -> (artifact id: 'a80186415f647fb67ab1b222e0085234') in 0.024932 seconds 
========================================================================
Received Import Request.
  Time since last request: 18.113361 seconds.
  path: Assets/Assets
  artifactKey: Guid(d6ad0fc3553cf7d4cbce153993f2f161) Importer(815301076,1909f56bfc062723c751e8b465ee728b)
Start importing Assets/Assets using Guid(d6ad0fc3553cf7d4cbce153993f2f161) Importer(815301076,1909f56bfc062723c751e8b465ee728b)  -> (artifact id: '3e6370a02bf4c66784986b07496761be') in 0.008230 seconds 
========================================================================
Received Import Request.
  Time since last request: 0.028844 seconds.
  path: Assets/Assets/Knife.fbx
  artifactKey: Guid(a0ea53373fc6b9342b6545f71e6dd687) Importer(815301076,1909f56bfc062723c751e8b465ee728b)
Start importing Assets/Assets/Knife.fbx using Guid(a0ea53373fc6b9342b6545f71e6dd687) Importer(815301076,1909f56bfc062723c751e8b465ee728b)  -> (artifact id: 'e7721af5408782cb14198818a974e98d') in 0.256634 seconds 
========================================================================
Received Import Request.
  Time since last request: 53.694541 seconds.
  path: Assets/Assets/Donut.fbx
  artifactKey: Guid(b0d12e7996beaae43aac53adf077c8e3) Importer(815301076,1909f56bfc062723c751e8b465ee728b)
Start importing Assets/Assets/Donut.fbx using Guid(b0d12e7996beaae43aac53adf077c8e3) Importer(815301076,1909f56bfc062723c751e8b465ee728b)  -> (artifact id: 'd96d36c439fc52e63dfa5c4ee54d715f') in 0.037282 seconds 
========================================================================
Received Import Request.
  Time since last request: 0.000025 seconds.
  path: Assets/Assets/Pencils.fbx
  artifactKey: Guid(ec4a122d4d7f2214ea78e50d18d7e009) Importer(815301076,1909f56bfc062723c751e8b465ee728b)
Start importing Assets/Assets/Pencils.fbx using Guid(ec4a122d4d7f2214ea78e50d18d7e009) Importer(815301076,1909f56bfc062723c751e8b465ee728b)  -> (artifact id: '79d5d1a6a46858aaa21c88f6a63f02df') in 0.101575 seconds 
========================================================================
Received Import Request.
  Time since last request: 0.000027 seconds.
  path: Assets/Assets/Flag.fbx
  artifactKey: Guid(959588a6d16fe6141ab195d9696eaa4e) Importer(815301076,1909f56bfc062723c751e8b465ee728b)
Start importing Assets/Assets/Flag.fbx using Guid(959588a6d16fe6141ab195d9696eaa4e) Importer(815301076,1909f56bfc062723c751e8b465ee728b)  -> (artifact id: '97d3b9742c5c7cd87b532a0455864e19') in 0.025367 seconds 
========================================================================
Received Import Request.
  Time since last request: 0.000046 seconds.
  path: Assets/Assets/Platforms.fbx
  artifactKey: Guid(65bc17f4fc812b144858a4bae725cd9e) Importer(815301076,1909f56bfc062723c751e8b465ee728b)
Start importing Assets/Assets/Platforms.fbx using Guid(65bc17f4fc812b144858a4bae725cd9e) Importer(815301076,1909f56bfc062723c751e8b465ee728b)  -> (artifact id: '0e5f651c407e3e07e447b050d08abc35') in 0.129068 seconds 
========================================================================
Received Import Request.
  Time since last request: 0.000027 seconds.
  path: Assets/Assets/legos.fbx
  artifactKey: Guid(0f6d0142645907b44b11fe6e768a9140) Importer(815301076,1909f56bfc062723c751e8b465ee728b)
Start importing Assets/Assets/legos.fbx using Guid(0f6d0142645907b44b11fe6e768a9140) Importer(815301076,1909f56bfc062723c751e8b465ee728b)  -> (artifact id: '5ecc91aa9dd198b3930adbbe783c4544') in 0.112298 seconds 
========================================================================
Received Import Request.
  Time since last request: 378.883032 seconds.
  path: Assets/Assets/images-materials
  artifactKey: Guid(6c90bb79ec4ef3242be507f60e3b27c1) Importer(815301076,1909f56bfc062723c751e8b465ee728b)
Start importing Assets/Assets/images-materials using Guid(6c90bb79ec4ef3242be507f60e3b27c1) Importer(815301076,1909f56bfc062723c751e8b465ee728b)  -> (artifact id: '14eec1160650a9e836b5f8855923608d') in 0.010186 seconds 
========================================================================
Received Import Request.
  Time since last request: 5.115499 seconds.
  path: Assets/Materials
  artifactKey: Guid(e4fcc1beae93adb45b2f75e1034d8be8) Importer(815301076,1909f56bfc062723c751e8b465ee728b)
Start importing Assets/Materials using Guid(e4fcc1beae93adb45b2f75e1034d8be8) Importer(815301076,1909f56bfc062723c751e8b465ee728b)  -> (artifact id: '1001f747c512e576cb232dccb59b5f19') in 0.008566 seconds 
========================================================================
Received Import Request.
  Time since last request: 14.917620 seconds.
  path: Assets/Assets/images-materials/texture_emoji_Base_Color.png
  artifactKey: Guid(aa842918a22c8604e948d8eed97c1684) Importer(815301076,1909f56bfc062723c751e8b465ee728b)
Start importing Assets/Assets/images-materials/texture_emoji_Base_Color.png using Guid(aa842918a22c8604e948d8eed97c1684) Importer(815301076,1909f56bfc062723c751e8b465ee728b)  -> (artifact id: '917e474451c40c7da56cb9425b2bf782') in 0.030642 seconds 
========================================================================
Received Import Request.
  Time since last request: 43.482357 seconds.
  path: Assets
  artifactKey: Guid(00000000000000001000000000000000) Importer(815301076,1909f56bfc062723c751e8b465ee728b)
Start importing Assets using Guid(00000000000000001000000000000000) Importer(815301076,1909f56bfc062723c751e8b465ee728b)  -> (artifact id: '79842766b460edbeab6a34051e857a80') in 0.008395 seconds 
========================================================================
Received Import Request.
  Time since last request: 10.424713 seconds.
  path: Assets/objects
  artifactKey: Guid(223016a475b9b60458c74d7942ed2b92) Importer(815301076,1909f56bfc062723c751e8b465ee728b)
Start importing Assets/objects using Guid(223016a475b9b60458c74d7942ed2b92) Importer(815301076,1909f56bfc062723c751e8b465ee728b)  -> (artifact id: 'a1a8020a471bfe9de6a8ffed92b55f5c') in 0.010792 seconds 
========================================================================
Received Import Request.
  Time since last request: 8.734429 seconds.
  path: Assets/objects/EmojiBall.prefab
  artifactKey: Guid(89a557f1ab2b62745ab9affc8c3feb8b) Importer(815301076,1909f56bfc062723c751e8b465ee728b)
Start importing Assets/objects/EmojiBall.prefab using Guid(89a557f1ab2b62745ab9affc8c3feb8b) Importer(815301076,1909f56bfc062723c751e8b465ee728b)  -> (artifact id: '3acb2c09145bfb51b84ad7b3b6204239') in 0.020825 seconds 
========================================================================
Received Import Request.
  Time since last request: 320.592589 seconds.
  path: Assets/Assets/images-materials/Materials
  artifactKey: Guid(82639e418e53950438fc66a0e097928a) Importer(815301076,1909f56bfc062723c751e8b465ee728b)
Start importing Assets/Assets/images-materials/Materials using Guid(82639e418e53950438fc66a0e097928a) Importer(815301076,1909f56bfc062723c751e8b465ee728b)  -> (artifact id: 'ab3f6e98f3d71badb0f6d33ae1fa4697') in 0.003321 seconds 
========================================================================
Received Import Request.
  Time since last request: 0.042252 seconds.
  path: Assets/Assets/images-materials/Materials/texture_emoji_Base_Color.mat
  artifactKey: Guid(7ab0ce375afbd9e469ad7ca3dd44633d) Importer(815301076,1909f56bfc062723c751e8b465ee728b)
Start importing Assets/Assets/images-materials/Materials/texture_emoji_Base_Color.mat using Guid(7ab0ce375afbd9e469ad7ca3dd44633d) Importer(815301076,1909f56bfc062723c751e8b465ee728b)  -> (artifact id: '0e3b251d0fd6b513b93496fbf2a0f3d0') in 0.015607 seconds 
========================================================================
Received Prepare
Registering precompiled user dll's ...
Registered in 0.009742 seconds.
Begin MonoManager ReloadAssembly
Symbol file LoadedFromMemory doesn't match image C:\Users\ASUS\Desktop\Slice-it-all-3d-main\slice-it-all-clone\Library\PackageCache\com.unity.visualscripting@1.7.8\Editor\VisualScripting.Core\Dependencies\YamlDotNet\Unity.VisualScripting.YamlDotNet.dll
Symbol file LoadedFromMemory doesn't match image C:\Users\ASUS\Desktop\Slice-it-all-3d-main\slice-it-all-clone\Library\PackageCache\com.unity.visualscripting@1.7.8\Editor\VisualScripting.Core\Dependencies\DotNetZip\Unity.VisualScripting.IonicZip.dll
Native extension for WindowsStandalone target not found
Native extension for iOS target not found
Native extension for Android target not found
Refreshing native plugins compatible for Editor in 0.91 ms, found 3 plugins.
Preloading 0 native plugins for Editor in 0.00 ms.
Mono: successfully reloaded assembly
- Completed reload, in  1.795 seconds
Domain Reload Profiling:
	ReloadAssembly (1796ms)
		BeginReloadAssembly (235ms)
			ExecutionOrderSort (0ms)
			DisableScriptedObjects (12ms)
			BackupInstance (0ms)
			ReleaseScriptingObjects (0ms)
			CreateAndSetChildDomain (78ms)
		EndReloadAssembly (1401ms)
			LoadAssemblies (160ms)
			RebuildTransferFunctionScriptingTraits (0ms)
			SetupTypeCache (432ms)
			ReleaseScriptCaches (2ms)
			RebuildScriptCaches (84ms)
			SetupLoadedEditorAssemblies (625ms)
				LogAssemblyErrors (0ms)
				InitializePlatformSupportModulesInManaged (39ms)
				SetLoadedEditorAssemblies (0ms)
				RefreshPlugins (1ms)
				BeforeProcessingInitializeOnLoad (122ms)
				ProcessInitializeOnLoadAttributes (325ms)
				ProcessInitializeOnLoadMethodAttributes (131ms)
				AfterProcessingInitializeOnLoad (7ms)
				EditorAssembliesLoaded (0ms)
			ExecutionOrderSort2 (0ms)
			AwakeInstancesAfterBackupRestoration (18ms)
Platform modules already initialized, skipping
Refreshing native plugins compatible for Editor in 3.77 ms, found 3 plugins.
Preloading 0 native plugins for Editor in 0.00 ms.
Unloading 5062 Unused Serialized files (Serialized files now loaded: 0)
Unloading 28 unused Assets / (0.7 MB). Loaded Objects now: 5741.
Memory consumption went from 202.3 MB to 201.6 MB.
Total: 7.494500 ms (FindLiveObjects: 0.716700 ms CreateObjectMapping: 1.215500 ms MarkObjects: 5.164600 ms  DeleteObjects: 0.395400 ms)

AssetImportParameters requested are different than current active one (requested -> active):
  custom:video-decoder-ogg-theora: a1e56fd34408186e4bbccfd4996cb3dc -> 
  custom:container-muxer-webm: aa71ff27fc2769a1b78a27578f13a17b -> 
  custom:container-demuxer-webm: 4f35f7cbe854078d1ac9338744f61a02 -> 
  custom:video-encoder-webm-vp8: eb34c28f22e8b96e1ab97ce403110664 -> 
  custom:video-codec-MediaFoundation-h265: 746d11721c4dcdbdad8f713fa42b33f4 -> 
  custom:audio-encoder-webm-vorbis: bf7c407c2cedff20999df2af8eb42d56 -> 
  custom:framework-win-MediaFoundation: 216162199b28c13a410421893ffa2e32 -> 
  custom:container-demuxer-ogg: 62fdf1f143b41e24485cea50d1cbac27 -> 
  custom:video-decoder-webm-vp8: 9c59270c3fd7afecdb556c50c9e8de78 -> 
  custom:audio-decoder-ogg-vorbis: bf7c407c2cedff20999df2af8eb42d56 -> 
========================================================================
Received Import Request.
  Time since last request: 219.602052 seconds.
  path: Assets/Assets/donut (1).fbx
  artifactKey: Guid(63d86d5b03b96234db32b4e8c01c1535) Importer(815301076,1909f56bfc062723c751e8b465ee728b)
Start importing Assets/Assets/donut (1).fbx using Guid(63d86d5b03b96234db32b4e8c01c1535) Importer(815301076,1909f56bfc062723c751e8b465ee728b)  -> (artifact id: '6cbf6362ba6f364aa955018571d62482') in 0.265217 seconds 
========================================================================
Received Prepare
Registering precompiled user dll's ...
Registered in 0.005887 seconds.
Begin MonoManager ReloadAssembly
Symbol file LoadedFromMemory doesn't match image C:\Users\ASUS\Desktop\Slice-it-all-3d-main\slice-it-all-clone\Library\PackageCache\com.unity.visualscripting@1.7.8\Editor\VisualScripting.Core\Dependencies\YamlDotNet\Unity.VisualScripting.YamlDotNet.dll
Symbol file LoadedFromMemory doesn't match image C:\Users\ASUS\Desktop\Slice-it-all-3d-main\slice-it-all-clone\Library\PackageCache\com.unity.visualscripting@1.7.8\Editor\VisualScripting.Core\Dependencies\DotNetZip\Unity.VisualScripting.IonicZip.dll
Native extension for WindowsStandalone target not found
Native extension for iOS target not found
Native extension for Android target not found
Refreshing native plugins compatible for Editor in 2.11 ms, found 3 plugins.
Preloading 0 native plugins for Editor in 0.00 ms.
Mono: successfully reloaded assembly
- Completed reload, in  1.795 seconds
Domain Reload Profiling:
	ReloadAssembly (1797ms)
		BeginReloadAssembly (226ms)
			ExecutionOrderSort (0ms)
			DisableScriptedObjects (13ms)
			BackupInstance (0ms)
			ReleaseScriptingObjects (0ms)
			CreateAndSetChildDomain (84ms)
		EndReloadAssembly (1437ms)
			LoadAssemblies (141ms)
			RebuildTransferFunctionScriptingTraits (0ms)
			SetupTypeCache (454ms)
			ReleaseScriptCaches (3ms)
			RebuildScriptCaches (71ms)
			SetupLoadedEditorAssemblies (653ms)
				LogAssemblyErrors (0ms)
				InitializePlatformSupportModulesInManaged (42ms)
				SetLoadedEditorAssemblies (1ms)
				RefreshPlugins (2ms)
				BeforeProcessingInitializeOnLoad (121ms)
				ProcessInitializeOnLoadAttributes (352ms)
				ProcessInitializeOnLoadMethodAttributes (122ms)
				AfterProcessingInitializeOnLoad (11ms)
				EditorAssembliesLoaded (1ms)
			ExecutionOrderSort2 (0ms)
			AwakeInstancesAfterBackupRestoration (22ms)
Platform modules already initialized, skipping
Refreshing native plugins compatible for Editor in 3.86 ms, found 3 plugins.
Preloading 0 native plugins for Editor in 0.00 ms.
Unloading 5062 Unused Serialized files (Serialized files now loaded: 0)
Unloading 28 unused Assets / (0.7 MB). Loaded Objects now: 5784.
Memory consumption went from 202.4 MB to 201.7 MB.
Total: 7.547100 ms (FindLiveObjects: 1.824800 ms CreateObjectMapping: 1.109600 ms MarkObjects: 4.257800 ms  DeleteObjects: 0.352000 ms)

AssetImportParameters requested are different than current active one (requested -> active):
  custom:video-decoder-ogg-theora: a1e56fd34408186e4bbccfd4996cb3dc -> 
  custom:container-muxer-webm: aa71ff27fc2769a1b78a27578f13a17b -> 
  custom:container-demuxer-webm: 4f35f7cbe854078d1ac9338744f61a02 -> 
  custom:video-encoder-webm-vp8: eb34c28f22e8b96e1ab97ce403110664 -> 
  custom:video-codec-MediaFoundation-h265: 746d11721c4dcdbdad8f713fa42b33f4 -> 
  custom:audio-encoder-webm-vorbis: bf7c407c2cedff20999df2af8eb42d56 -> 
  custom:framework-win-MediaFoundation: 216162199b28c13a410421893ffa2e32 -> 
  custom:container-demuxer-ogg: 62fdf1f143b41e24485cea50d1cbac27 -> 
  custom:video-decoder-webm-vp8: 9c59270c3fd7afecdb556c50c9e8de78 -> 
  custom:audio-decoder-ogg-vorbis: bf7c407c2cedff20999df2af8eb42d56 -> 
========================================================================
Received Prepare
Registering precompiled user dll's ...
Registered in 0.005948 seconds.
Begin MonoManager ReloadAssembly
Symbol file LoadedFromMemory doesn't match image C:\Users\ASUS\Desktop\Slice-it-all-3d-main\slice-it-all-clone\Library\PackageCache\com.unity.visualscripting@1.7.8\Editor\VisualScripting.Core\Dependencies\YamlDotNet\Unity.VisualScripting.YamlDotNet.dll
Symbol file LoadedFromMemory doesn't match image C:\Users\ASUS\Desktop\Slice-it-all-3d-main\slice-it-all-clone\Library\PackageCache\com.unity.visualscripting@1.7.8\Editor\VisualScripting.Core\Dependencies\DotNetZip\Unity.VisualScripting.IonicZip.dll
Native extension for WindowsStandalone target not found
Native extension for iOS target not found
Native extension for Android target not found
Refreshing native plugins compatible for Editor in 1.10 ms, found 3 plugins.
Preloading 0 native plugins for Editor in 0.00 ms.
Mono: successfully reloaded assembly
- Completed reload, in  1.633 seconds
Domain Reload Profiling:
	ReloadAssembly (1634ms)
		BeginReloadAssembly (151ms)
			ExecutionOrderSort (0ms)
			DisableScriptedObjects (7ms)
			BackupInstance (0ms)
			ReleaseScriptingObjects (0ms)
			CreateAndSetChildDomain (49ms)
		EndReloadAssembly (1380ms)
			LoadAssemblies (106ms)
			RebuildTransferFunctionScriptingTraits (0ms)
			SetupTypeCache (383ms)
			ReleaseScriptCaches (2ms)
			RebuildScriptCaches (77ms)
			SetupLoadedEditorAssemblies (664ms)
				LogAssemblyErrors (0ms)
				InitializePlatformSupportModulesInManaged (42ms)
				SetLoadedEditorAssemblies (1ms)
				RefreshPlugins (1ms)
				BeforeProcessingInitializeOnLoad (142ms)
				ProcessInitializeOnLoadAttributes (340ms)
				ProcessInitializeOnLoadMethodAttributes (127ms)
				AfterProcessingInitializeOnLoad (10ms)
				EditorAssembliesLoaded (1ms)
			ExecutionOrderSort2 (0ms)
			AwakeInstancesAfterBackupRestoration (21ms)
Platform modules already initialized, skipping
Refreshing native plugins compatible for Editor in 3.29 ms, found 3 plugins.
Preloading 0 native plugins for Editor in 0.00 ms.
Unloading 5063 Unused Serialized files (Serialized files now loaded: 0)
Unloading 28 unused Assets / (0.7 MB). Loaded Objects now: 5787.
Memory consumption went from 202.4 MB to 201.7 MB.
Total: 6.355100 ms (FindLiveObjects: 1.077700 ms CreateObjectMapping: 0.564900 ms MarkObjects: 4.078800 ms  DeleteObjects: 0.631400 ms)

AssetImportParameters requested are different than current active one (requested -> active):
  custom:video-decoder-ogg-theora: a1e56fd34408186e4bbccfd4996cb3dc -> 
  custom:container-muxer-webm: aa71ff27fc2769a1b78a27578f13a17b -> 
  custom:container-demuxer-webm: 4f35f7cbe854078d1ac9338744f61a02 -> 
  custom:video-encoder-webm-vp8: eb34c28f22e8b96e1ab97ce403110664 -> 
  custom:video-codec-MediaFoundation-h265: 746d11721c4dcdbdad8f713fa42b33f4 -> 
  custom:audio-encoder-webm-vorbis: bf7c407c2cedff20999df2af8eb42d56 -> 
  custom:framework-win-MediaFoundation: 216162199b28c13a410421893ffa2e32 -> 
  custom:container-demuxer-ogg: 62fdf1f143b41e24485cea50d1cbac27 -> 
  custom:video-decoder-webm-vp8: 9c59270c3fd7afecdb556c50c9e8de78 -> 
  custom:audio-decoder-ogg-vorbis: bf7c407c2cedff20999df2af8eb42d56 -> 
========================================================================
Received Import Request.
  Time since last request: 329.802401 seconds.
  path: Assets/URP/New Universal Render Pipeline Asset.asset
  artifactKey: Guid(a8f172958f8d2bd44abe6d3d2796afff) Importer(815301076,1909f56bfc062723c751e8b465ee728b)
Start importing Assets/URP/New Universal Render Pipeline Asset.asset using Guid(a8f172958f8d2bd44abe6d3d2796afff) Importer(815301076,1909f56bfc062723c751e8b465ee728b)  -> (artifact id: 'af236d82b67e8935d31bb32180e0197e') in 0.050235 seconds 
========================================================================
Received Import Request.
  Time since last request: 178.970146 seconds.
  path: Assets/Assets/Donut.fbx
  artifactKey: Guid(b0d12e7996beaae43aac53adf077c8e3) Importer(815301076,1909f56bfc062723c751e8b465ee728b)
Start importing Assets/Assets/Donut.fbx using Guid(b0d12e7996beaae43aac53adf077c8e3) Importer(815301076,1909f56bfc062723c751e8b465ee728b)  -> (artifact id: '288f1e6d2f78a85f645447b757e11d57') in 0.300714 seconds 
========================================================================
Received Import Request.
  Time since last request: 0.000055 seconds.
  path: Assets/Assets/Platforms.fbx
  artifactKey: Guid(65bc17f4fc812b144858a4bae725cd9e) Importer(815301076,1909f56bfc062723c751e8b465ee728b)
Start importing Assets/Assets/Platforms.fbx using Guid(65bc17f4fc812b144858a4bae725cd9e) Importer(815301076,1909f56bfc062723c751e8b465ee728b)  -> (artifact id: 'b1239fe77f57bd7446879dcbee364567') in 0.123603 seconds 
========================================================================
Received Import Request.
  Time since last request: 1.644038 seconds.
  path: Assets/Assets/texture_atlas.png
  artifactKey: Guid(8c9b807a671c0a644a7c4ef2f5de0b59) Importer(815301076,1909f56bfc062723c751e8b465ee728b)
Start importing Assets/Assets/texture_atlas.png using Guid(8c9b807a671c0a644a7c4ef2f5de0b59) Importer(815301076,1909f56bfc062723c751e8b465ee728b)  -> (artifact id: 'f7f8b0ce9d52c3171d9c83cddc9696e4') in 0.026810 seconds 
========================================================================
Received Import Request.
  Time since last request: 435.444514 seconds.
  path: Assets/Assets/Knife.fbx
  artifactKey: Guid(a0ea53373fc6b9342b6545f71e6dd687) Importer(815301076,1909f56bfc062723c751e8b465ee728b)
Start importing Assets/Assets/Knife.fbx using Guid(a0ea53373fc6b9342b6545f71e6dd687) Importer(815301076,1909f56bfc062723c751e8b465ee728b)  -> (artifact id: 'e8f76830457ab47a2746639b431ad4cc') in 0.031076 seconds 
========================================================================
Received Prepare
Registering precompiled user dll's ...
Registered in 0.006315 seconds.
Begin MonoManager ReloadAssembly
Symbol file LoadedFromMemory doesn't match image C:\Users\ASUS\Desktop\Slice-it-all-3d-main\slice-it-all-clone\Library\PackageCache\com.unity.visualscripting@1.7.8\Editor\VisualScripting.Core\Dependencies\YamlDotNet\Unity.VisualScripting.YamlDotNet.dll
Symbol file LoadedFromMemory doesn't match image C:\Users\ASUS\Desktop\Slice-it-all-3d-main\slice-it-all-clone\Library\PackageCache\com.unity.visualscripting@1.7.8\Editor\VisualScripting.Core\Dependencies\DotNetZip\Unity.VisualScripting.IonicZip.dll
Native extension for WindowsStandalone target not found
Native extension for iOS target not found
Native extension for Android target not found
Refreshing native plugins compatible for Editor in 0.95 ms, found 3 plugins.
Preloading 0 native plugins for Editor in 0.00 ms.
Mono: successfully reloaded assembly
- Completed reload, in  1.823 seconds
Domain Reload Profiling:
	ReloadAssembly (1825ms)
		BeginReloadAssembly (236ms)
			ExecutionOrderSort (0ms)
			DisableScriptedObjects (16ms)
			BackupInstance (0ms)
			ReleaseScriptingObjects (0ms)
			CreateAndSetChildDomain (83ms)
		EndReloadAssembly (1451ms)
			LoadAssemblies (152ms)
			RebuildTransferFunctionScriptingTraits (0ms)
			SetupTypeCache (463ms)
			ReleaseScriptCaches (2ms)
			RebuildScriptCaches (76ms)
			SetupLoadedEditorAssemblies (639ms)
				LogAssemblyErrors (0ms)
				InitializePlatformSupportModulesInManaged (47ms)
				SetLoadedEditorAssemblies (1ms)
				RefreshPlugins (1ms)
				BeforeProcessingInitializeOnLoad (122ms)
				ProcessInitializeOnLoadAttributes (337ms)
				ProcessInitializeOnLoadMethodAttributes (123ms)
				AfterProcessingInitializeOnLoad (8ms)
				EditorAssembliesLoaded (0ms)
			ExecutionOrderSort2 (0ms)
			AwakeInstancesAfterBackupRestoration (20ms)
Platform modules already initialized, skipping
Refreshing native plugins compatible for Editor in 2.98 ms, found 3 plugins.
Preloading 0 native plugins for Editor in 0.00 ms.
Unloading 5063 Unused Serialized files (Serialized files now loaded: 0)
Unloading 29 unused Assets / (0.7 MB). Loaded Objects now: 5831.
Memory consumption went from 202.6 MB to 201.9 MB.
Total: 11.215800 ms (FindLiveObjects: 0.610900 ms CreateObjectMapping: 0.773500 ms MarkObjects: 8.161400 ms  DeleteObjects: 1.666900 ms)

AssetImportParameters requested are different than current active one (requested -> active):
  custom:video-decoder-ogg-theora: a1e56fd34408186e4bbccfd4996cb3dc -> 
  custom:container-muxer-webm: aa71ff27fc2769a1b78a27578f13a17b -> 
  custom:container-demuxer-webm: 4f35f7cbe854078d1ac9338744f61a02 -> 
  custom:video-encoder-webm-vp8: eb34c28f22e8b96e1ab97ce403110664 -> 
  custom:video-codec-MediaFoundation-h265: 746d11721c4dcdbdad8f713fa42b33f4 -> 
  custom:audio-encoder-webm-vorbis: bf7c407c2cedff20999df2af8eb42d56 -> 
  custom:framework-win-MediaFoundation: 216162199b28c13a410421893ffa2e32 -> 
  custom:container-demuxer-ogg: 62fdf1f143b41e24485cea50d1cbac27 -> 
  custom:video-decoder-webm-vp8: 9c59270c3fd7afecdb556c50c9e8de78 -> 
  custom:audio-decoder-ogg-vorbis: bf7c407c2cedff20999df2af8eb42d56 -> 
========================================================================
Received Import Request.
  Time since last request: 869.587236 seconds.
  path: Assets/Materials/New Material.mat
  artifactKey: Guid(ebff79083a56fbf419978aa39a6e5864) Importer(815301076,1909f56bfc062723c751e8b465ee728b)
Start importing Assets/Materials/New Material.mat using Guid(ebff79083a56fbf419978aa39a6e5864) Importer(815301076,1909f56bfc062723c751e8b465ee728b)  -> (artifact id: '58c9fcca67f785391452f0ab86de7e94') in 0.234420 seconds 
========================================================================
Received Import Request.
  Time since last request: 447.539948 seconds.
  path: Assets/Assets/EmojiBall.prefab
  artifactKey: Guid(b134d5aae41e736468e97da81ef7e335) Importer(815301076,1909f56bfc062723c751e8b465ee728b)
Start importing Assets/Assets/EmojiBall.prefab using Guid(b134d5aae41e736468e97da81ef7e335) Importer(815301076,1909f56bfc062723c751e8b465ee728b)  -> (artifact id: '0ff981b6a83fa8a53ab6fc55c696f576') in 0.029844 seconds 
========================================================================
Received Prepare
Registering precompiled user dll's ...
Registered in 0.007114 seconds.
Begin MonoManager ReloadAssembly
Symbol file LoadedFromMemory doesn't match image C:\Users\ASUS\Desktop\Slice-it-all-3d-main\slice-it-all-clone\Library\PackageCache\com.unity.visualscripting@1.7.8\Editor\VisualScripting.Core\Dependencies\YamlDotNet\Unity.VisualScripting.YamlDotNet.dll
Symbol file LoadedFromMemory doesn't match image C:\Users\ASUS\Desktop\Slice-it-all-3d-main\slice-it-all-clone\Library\PackageCache\com.unity.visualscripting@1.7.8\Editor\VisualScripting.Core\Dependencies\DotNetZip\Unity.VisualScripting.IonicZip.dll
Native extension for WindowsStandalone target not found
Native extension for iOS target not found
Native extension for Android target not found
Refreshing native plugins compatible for Editor in 2.37 ms, found 3 plugins.
Preloading 0 native plugins for Editor in 0.00 ms.
Mono: successfully reloaded assembly
- Completed reload, in  1.896 seconds
Domain Reload Profiling:
	ReloadAssembly (1897ms)
		BeginReloadAssembly (242ms)
			ExecutionOrderSort (0ms)
			DisableScriptedObjects (13ms)
			BackupInstance (0ms)
			ReleaseScriptingObjects (0ms)
			CreateAndSetChildDomain (86ms)
		EndReloadAssembly (1499ms)
			LoadAssemblies (156ms)
			RebuildTransferFunctionScriptingTraits (0ms)
			SetupTypeCache (500ms)
			ReleaseScriptCaches (3ms)
			RebuildScriptCaches (83ms)
			SetupLoadedEditorAssemblies (647ms)
				LogAssemblyErrors (0ms)
				InitializePlatformSupportModulesInManaged (43ms)
				SetLoadedEditorAssemblies (1ms)
				RefreshPlugins (2ms)
				BeforeProcessingInitializeOnLoad (126ms)
				ProcessInitializeOnLoadAttributes (353ms)
				ProcessInitializeOnLoadMethodAttributes (116ms)
				AfterProcessingInitializeOnLoad (6ms)
				EditorAssembliesLoaded (0ms)
			ExecutionOrderSort2 (0ms)
			AwakeInstancesAfterBackupRestoration (15ms)
Platform modules already initialized, skipping
Refreshing native plugins compatible for Editor in 4.06 ms, found 3 plugins.
Preloading 0 native plugins for Editor in 0.00 ms.
Unloading 5062 Unused Serialized files (Serialized files now loaded: 0)
Unloading 28 unused Assets / (0.7 MB). Loaded Objects now: 5874.
Memory consumption went from 202.6 MB to 201.9 MB.
Total: 7.253400 ms (FindLiveObjects: 0.728200 ms CreateObjectMapping: 1.015000 ms MarkObjects: 4.958700 ms  DeleteObjects: 0.549900 ms)

AssetImportParameters requested are different than current active one (requested -> active):
  custom:video-decoder-ogg-theora: a1e56fd34408186e4bbccfd4996cb3dc -> 
  custom:container-muxer-webm: aa71ff27fc2769a1b78a27578f13a17b -> 
  custom:container-demuxer-webm: 4f35f7cbe854078d1ac9338744f61a02 -> 
  custom:video-encoder-webm-vp8: eb34c28f22e8b96e1ab97ce403110664 -> 
  custom:video-codec-MediaFoundation-h265: 746d11721c4dcdbdad8f713fa42b33f4 -> 
  custom:audio-encoder-webm-vorbis: bf7c407c2cedff20999df2af8eb42d56 -> 
  custom:framework-win-MediaFoundation: 216162199b28c13a410421893ffa2e32 -> 
  custom:container-demuxer-ogg: 62fdf1f143b41e24485cea50d1cbac27 -> 
  custom:video-decoder-webm-vp8: 9c59270c3fd7afecdb556c50c9e8de78 -> 
  custom:audio-decoder-ogg-vorbis: bf7c407c2cedff20999df2af8eb42d56 -> 
========================================================================
Received Prepare
Registering precompiled user dll's ...
Registered in 0.006452 seconds.
Begin MonoManager ReloadAssembly
Symbol file LoadedFromMemory doesn't match image C:\Users\ASUS\Desktop\Slice-it-all-3d-main\slice-it-all-clone\Library\PackageCache\com.unity.visualscripting@1.7.8\Editor\VisualScripting.Core\Dependencies\YamlDotNet\Unity.VisualScripting.YamlDotNet.dll
Symbol file LoadedFromMemory doesn't match image C:\Users\ASUS\Desktop\Slice-it-all-3d-main\slice-it-all-clone\Library\PackageCache\com.unity.visualscripting@1.7.8\Editor\VisualScripting.Core\Dependencies\DotNetZip\Unity.VisualScripting.IonicZip.dll
Native extension for WindowsStandalone target not found
Native extension for iOS target not found
Native extension for Android target not found
Refreshing native plugins compatible for Editor in 0.97 ms, found 3 plugins.
Preloading 0 native plugins for Editor in 0.00 ms.
Mono: successfully reloaded assembly
- Completed reload, in  1.681 seconds
Domain Reload Profiling:
	ReloadAssembly (1682ms)
		BeginReloadAssembly (151ms)
			ExecutionOrderSort (0ms)
			DisableScriptedObjects (6ms)
			BackupInstance (0ms)
			ReleaseScriptingObjects (0ms)
			CreateAndSetChildDomain (42ms)
		EndReloadAssembly (1422ms)
			LoadAssemblies (109ms)
			RebuildTransferFunctionScriptingTraits (0ms)
			SetupTypeCache (400ms)
			ReleaseScriptCaches (3ms)
			RebuildScriptCaches (82ms)
			SetupLoadedEditorAssemblies (677ms)
				LogAssemblyErrors (0ms)
				InitializePlatformSupportModulesInManaged (48ms)
				SetLoadedEditorAssemblies (1ms)
				RefreshPlugins (1ms)
				BeforeProcessingInitializeOnLoad (132ms)
				ProcessInitializeOnLoadAttributes (358ms)
				ProcessInitializeOnLoadMethodAttributes (128ms)
				AfterProcessingInitializeOnLoad (9ms)
				EditorAssembliesLoaded (0ms)
			ExecutionOrderSort2 (0ms)
			AwakeInstancesAfterBackupRestoration (20ms)
Platform modules already initialized, skipping
Refreshing native plugins compatible for Editor in 6.89 ms, found 3 plugins.
Preloading 0 native plugins for Editor in 0.00 ms.
Unloading 5063 Unused Serialized files (Serialized files now loaded: 0)
Unloading 28 unused Assets / (0.7 MB). Loaded Objects now: 5877.
Memory consumption went from 202.7 MB to 202.0 MB.
Total: 6.922200 ms (FindLiveObjects: 0.644400 ms CreateObjectMapping: 0.602200 ms MarkObjects: 4.904900 ms  DeleteObjects: 0.768800 ms)

AssetImportParameters requested are different than current active one (requested -> active):
  custom:video-decoder-ogg-theora: a1e56fd34408186e4bbccfd4996cb3dc -> 
  custom:container-muxer-webm: aa71ff27fc2769a1b78a27578f13a17b -> 
  custom:container-demuxer-webm: 4f35f7cbe854078d1ac9338744f61a02 -> 
  custom:video-encoder-webm-vp8: eb34c28f22e8b96e1ab97ce403110664 -> 
  custom:video-codec-MediaFoundation-h265: 746d11721c4dcdbdad8f713fa42b33f4 -> 
  custom:audio-encoder-webm-vorbis: bf7c407c2cedff20999df2af8eb42d56 -> 
  custom:framework-win-MediaFoundation: 216162199b28c13a410421893ffa2e32 -> 
  custom:container-demuxer-ogg: 62fdf1f143b41e24485cea50d1cbac27 -> 
  custom:video-decoder-webm-vp8: 9c59270c3fd7afecdb556c50c9e8de78 -> 
  custom:audio-decoder-ogg-vorbis: bf7c407c2cedff20999df2af8eb42d56 -> 
========================================================================
Received Prepare
Registering precompiled user dll's ...
Registered in 0.005762 seconds.
Begin MonoManager ReloadAssembly
Symbol file LoadedFromMemory doesn't match image C:\Users\ASUS\Desktop\Slice-it-all-3d-main\slice-it-all-clone\Library\PackageCache\com.unity.visualscripting@1.7.8\Editor\VisualScripting.Core\Dependencies\YamlDotNet\Unity.VisualScripting.YamlDotNet.dll
Symbol file LoadedFromMemory doesn't match image C:\Users\ASUS\Desktop\Slice-it-all-3d-main\slice-it-all-clone\Library\PackageCache\com.unity.visualscripting@1.7.8\Editor\VisualScripting.Core\Dependencies\DotNetZip\Unity.VisualScripting.IonicZip.dll
Native extension for WindowsStandalone target not found
Native extension for iOS target not found
Native extension for Android target not found
Refreshing native plugins compatible for Editor in 0.94 ms, found 3 plugins.
Preloading 0 native plugins for Editor in 0.00 ms.
Mono: successfully reloaded assembly
- Completed reload, in  1.592 seconds
Domain Reload Profiling:
	ReloadAssembly (1593ms)
		BeginReloadAssembly (156ms)
			ExecutionOrderSort (0ms)
			DisableScriptedObjects (7ms)
			BackupInstance (0ms)
			ReleaseScriptingObjects (0ms)
			CreateAndSetChildDomain (52ms)
		EndReloadAssembly (1331ms)
			LoadAssemblies (100ms)
			RebuildTransferFunctionScriptingTraits (0ms)
			SetupTypeCache (394ms)
			ReleaseScriptCaches (2ms)
			RebuildScriptCaches (70ms)
			SetupLoadedEditorAssemblies (618ms)
				LogAssemblyErrors (0ms)
				InitializePlatformSupportModulesInManaged (37ms)
				SetLoadedEditorAssemblies (1ms)
				RefreshPlugins (1ms)
				BeforeProcessingInitializeOnLoad (114ms)
				ProcessInitializeOnLoadAttributes (330ms)
				ProcessInitializeOnLoadMethodAttributes (126ms)
				AfterProcessingInitializeOnLoad (8ms)
				EditorAssembliesLoaded (0ms)
			ExecutionOrderSort2 (0ms)
			AwakeInstancesAfterBackupRestoration (29ms)
Platform modules already initialized, skipping
Refreshing native plugins compatible for Editor in 3.40 ms, found 3 plugins.
Preloading 0 native plugins for Editor in 0.00 ms.
Unloading 5063 Unused Serialized files (Serialized files now loaded: 0)
Unloading 28 unused Assets / (0.7 MB). Loaded Objects now: 5880.
Memory consumption went from 202.7 MB to 202.0 MB.
Total: 5.329500 ms (FindLiveObjects: 0.445300 ms CreateObjectMapping: 0.491500 ms MarkObjects: 4.001100 ms  DeleteObjects: 0.390000 ms)

AssetImportParameters requested are different than current active one (requested -> active):
  custom:video-decoder-ogg-theora: a1e56fd34408186e4bbccfd4996cb3dc -> 
  custom:container-muxer-webm: aa71ff27fc2769a1b78a27578f13a17b -> 
  custom:container-demuxer-webm: 4f35f7cbe854078d1ac9338744f61a02 -> 
  custom:video-encoder-webm-vp8: eb34c28f22e8b96e1ab97ce403110664 -> 
  custom:video-codec-MediaFoundation-h265: 746d11721c4dcdbdad8f713fa42b33f4 -> 
  custom:audio-encoder-webm-vorbis: bf7c407c2cedff20999df2af8eb42d56 -> 
  custom:framework-win-MediaFoundation: 216162199b28c13a410421893ffa2e32 -> 
  custom:container-demuxer-ogg: 62fdf1f143b41e24485cea50d1cbac27 -> 
  custom:video-decoder-webm-vp8: 9c59270c3fd7afecdb556c50c9e8de78 -> 
  custom:audio-decoder-ogg-vorbis: bf7c407c2cedff20999df2af8eb42d56 -> 
========================================================================
Received Prepare
Registering precompiled user dll's ...
Registered in 0.005837 seconds.
Begin MonoManager ReloadAssembly
Symbol file LoadedFromMemory doesn't match image C:\Users\ASUS\Desktop\Slice-it-all-3d-main\slice-it-all-clone\Library\PackageCache\com.unity.visualscripting@1.7.8\Editor\VisualScripting.Core\Dependencies\YamlDotNet\Unity.VisualScripting.YamlDotNet.dll
Symbol file LoadedFromMemory doesn't match image C:\Users\ASUS\Desktop\Slice-it-all-3d-main\slice-it-all-clone\Library\PackageCache\com.unity.visualscripting@1.7.8\Editor\VisualScripting.Core\Dependencies\DotNetZip\Unity.VisualScripting.IonicZip.dll
Native extension for WindowsStandalone target not found
Native extension for iOS target not found
Native extension for Android target not found
Refreshing native plugins compatible for Editor in 1.91 ms, found 3 plugins.
Preloading 0 native plugins for Editor in 0.00 ms.
Mono: successfully reloaded assembly
- Completed reload, in  1.528 seconds
Domain Reload Profiling:
	ReloadAssembly (1530ms)
		BeginReloadAssembly (155ms)
			ExecutionOrderSort (0ms)
			DisableScriptedObjects (6ms)
			BackupInstance (0ms)
			ReleaseScriptingObjects (0ms)
			CreateAndSetChildDomain (42ms)
		EndReloadAssembly (1265ms)
			LoadAssemblies (105ms)
			RebuildTransferFunctionScriptingTraits (0ms)
			SetupTypeCache (347ms)
			ReleaseScriptCaches (3ms)
			RebuildScriptCaches (79ms)
			SetupLoadedEditorAssemblies (594ms)
				LogAssemblyErrors (0ms)
				InitializePlatformSupportModulesInManaged (39ms)
				SetLoadedEditorAssemblies (1ms)
				RefreshPlugins (2ms)
				BeforeProcessingInitializeOnLoad (118ms)
				ProcessInitializeOnLoadAttributes (309ms)
				ProcessInitializeOnLoadMethodAttributes (118ms)
				AfterProcessingInitializeOnLoad (7ms)
				EditorAssembliesLoaded (0ms)
			ExecutionOrderSort2 (0ms)
			AwakeInstancesAfterBackupRestoration (24ms)
Platform modules already initialized, skipping
Refreshing native plugins compatible for Editor in 2.46 ms, found 3 plugins.
Preloading 0 native plugins for Editor in 0.00 ms.
Unloading 5063 Unused Serialized files (Serialized files now loaded: 0)
Unloading 28 unused Assets / (0.7 MB). Loaded Objects now: 5883.
Memory consumption went from 202.7 MB to 202.0 MB.
Total: 6.186900 ms (FindLiveObjects: 0.698300 ms CreateObjectMapping: 0.954600 ms MarkObjects: 3.622000 ms  DeleteObjects: 0.909700 ms)

AssetImportParameters requested are different than current active one (requested -> active):
  custom:video-decoder-ogg-theora: a1e56fd34408186e4bbccfd4996cb3dc -> 
  custom:container-muxer-webm: aa71ff27fc2769a1b78a27578f13a17b -> 
  custom:container-demuxer-webm: 4f35f7cbe854078d1ac9338744f61a02 -> 
  custom:video-encoder-webm-vp8: eb34c28f22e8b96e1ab97ce403110664 -> 
  custom:video-codec-MediaFoundation-h265: 746d11721c4dcdbdad8f713fa42b33f4 -> 
  custom:audio-encoder-webm-vorbis: bf7c407c2cedff20999df2af8eb42d56 -> 
  custom:framework-win-MediaFoundation: 216162199b28c13a410421893ffa2e32 -> 
  custom:container-demuxer-ogg: 62fdf1f143b41e24485cea50d1cbac27 -> 
  custom:video-decoder-webm-vp8: 9c59270c3fd7afecdb556c50c9e8de78 -> 
  custom:audio-decoder-ogg-vorbis: bf7c407c2cedff20999df2af8eb42d56 -> 
========================================================================
Received Prepare
Registering precompiled user dll's ...
Registered in 0.025955 seconds.
Begin MonoManager ReloadAssembly
Symbol file LoadedFromMemory doesn't match image C:\Users\ASUS\Desktop\Slice-it-all-3d-main\slice-it-all-clone\Library\PackageCache\com.unity.visualscripting@1.7.8\Editor\VisualScripting.Core\Dependencies\YamlDotNet\Unity.VisualScripting.YamlDotNet.dll
Symbol file LoadedFromMemory doesn't match image C:\Users\ASUS\Desktop\Slice-it-all-3d-main\slice-it-all-clone\Library\PackageCache\com.unity.visualscripting@1.7.8\Editor\VisualScripting.Core\Dependencies\DotNetZip\Unity.VisualScripting.IonicZip.dll
Native extension for WindowsStandalone target not found
Native extension for iOS target not found
Native extension for Android target not found
Refreshing native plugins compatible for Editor in 0.96 ms, found 3 plugins.
Preloading 0 native plugins for Editor in 0.00 ms.
[ScriptCompilation] NOT recompiling all scripts because this is an import worker process. Reason to compile was: Define symbols changed
Mono: successfully reloaded assembly
- Completed reload, in  5.326 seconds
Domain Reload Profiling:
	ReloadAssembly (5332ms)
		BeginReloadAssembly (2316ms)
			ExecutionOrderSort (0ms)
			DisableScriptedObjects (114ms)
			BackupInstance (0ms)
			ReleaseScriptingObjects (0ms)
			CreateAndSetChildDomain (1750ms)
		EndReloadAssembly (2311ms)
			LoadAssemblies (281ms)
			RebuildTransferFunctionScriptingTraits (0ms)
			SetupTypeCache (953ms)
			ReleaseScriptCaches (5ms)
			RebuildScriptCaches (61ms)
			SetupLoadedEditorAssemblies (954ms)
				LogAssemblyErrors (0ms)
				InitializePlatformSupportModulesInManaged (37ms)
				SetLoadedEditorAssemblies (1ms)
				RefreshPlugins (1ms)
				BeforeProcessingInitializeOnLoad (104ms)
				ProcessInitializeOnLoadAttributes (700ms)
				ProcessInitializeOnLoadMethodAttributes (104ms)
				AfterProcessingInitializeOnLoad (6ms)
				EditorAssembliesLoaded (0ms)
			ExecutionOrderSort2 (0ms)
			AwakeInstancesAfterBackupRestoration (18ms)
Platform modules already initialized, skipping
Refreshing native plugins compatible for Editor in 4.10 ms, found 3 plugins.
Preloading 0 native plugins for Editor in 0.00 ms.
Unloading 5196 Unused Serialized files (Serialized files now loaded: 0)
Unloading 67 unused Assets / (4.0 MB). Loaded Objects now: 5980.
Memory consumption went from 214.6 MB to 210.6 MB.
Total: 8.668000 ms (FindLiveObjects: 0.741600 ms CreateObjectMapping: 0.541100 ms MarkObjects: 5.304500 ms  DeleteObjects: 2.077300 ms)

AssetImportParameters requested are different than current active one (requested -> active):
  custom:video-decoder-ogg-theora: a1e56fd34408186e4bbccfd4996cb3dc -> 
  custom:container-muxer-webm: aa71ff27fc2769a1b78a27578f13a17b -> 
  custom:container-demuxer-webm: 4f35f7cbe854078d1ac9338744f61a02 -> 
  custom:video-encoder-webm-vp8: eb34c28f22e8b96e1ab97ce403110664 -> 
  custom:video-codec-MediaFoundation-h265: 746d11721c4dcdbdad8f713fa42b33f4 -> 
  custom:audio-encoder-webm-vorbis: bf7c407c2cedff20999df2af8eb42d56 -> 
  custom:framework-win-MediaFoundation: 216162199b28c13a410421893ffa2e32 -> 
  custom:container-demuxer-ogg: 62fdf1f143b41e24485cea50d1cbac27 -> 
  custom:video-decoder-webm-vp8: 9c59270c3fd7afecdb556c50c9e8de78 -> 
  custom:audio-decoder-ogg-vorbis: bf7c407c2cedff20999df2af8eb42d56 -> 
========================================================================
Received Import Request.
  Time since last request: 3223.647757 seconds.
  path: Assets/post-processing
  artifactKey: Guid(d21c3c031604c87429fca8de82df4a72) Importer(815301076,1909f56bfc062723c751e8b465ee728b)
Start importing Assets/post-processing using Guid(d21c3c031604c87429fca8de82df4a72) Importer(815301076,1909f56bfc062723c751e8b465ee728b)  -> (artifact id: 'd4abae936864eea8baa4833f1117a279') in 0.019176 seconds 
========================================================================
Received Import Request.
  Time since last request: 25.056393 seconds.
  path: Assets/post-processing/New Post-processing Profile.asset
  artifactKey: Guid(5610477f074d0cb429705e22004a3fcb) Importer(815301076,1909f56bfc062723c751e8b465ee728b)
Start importing Assets/post-processing/New Post-processing Profile.asset using Guid(5610477f074d0cb429705e22004a3fcb) Importer(815301076,1909f56bfc062723c751e8b465ee728b)  -> (artifact id: 'fee767410cbb5a3221fefe80a9327473') in 0.130941 seconds 
========================================================================
Received Import Request.
  Time since last request: 100.468144 seconds.
  path: Assets/post-processing/New Volume Profile.asset
  artifactKey: Guid(e26dc67498446f34395fd292f6b2859d) Importer(815301076,1909f56bfc062723c751e8b465ee728b)
Start importing Assets/post-processing/New Volume Profile.asset using Guid(e26dc67498446f34395fd292f6b2859d) Importer(815301076,1909f56bfc062723c751e8b465ee728b)  -> (artifact id: '25e519d7458ce58b691cf0e4e78d7efe') in 0.009674 seconds 
========================================================================
Received Import Request.
  Time since last request: 116.645012 seconds.
  path: Assets/post-processing/New Post-processing Profile.asset
  artifactKey: Guid(5610477f074d0cb429705e22004a3fcb) Importer(815301076,1909f56bfc062723c751e8b465ee728b)
Start importing Assets/post-processing/New Post-processing Profile.asset using Guid(5610477f074d0cb429705e22004a3fcb) Importer(815301076,1909f56bfc062723c751e8b465ee728b)  -> (artifact id: 'f035a0e06a3e5668f825040436e9995a') in 0.010709 seconds 
========================================================================
Received Import Request.
  Time since last request: 7.258245 seconds.
  path: Assets/post-processing/New Post-processing Profile.asset
  artifactKey: Guid(5610477f074d0cb429705e22004a3fcb) Importer(815301076,1909f56bfc062723c751e8b465ee728b)
Start importing Assets/post-processing/New Post-processing Profile.asset using Guid(5610477f074d0cb429705e22004a3fcb) Importer(815301076,1909f56bfc062723c751e8b465ee728b)  -> (artifact id: 'a82e698597c0b8463d08f0f61b3e28ad') in 0.007404 seconds 
========================================================================
Received Import Request.
  Time since last request: 103.142544 seconds.
  path: Assets/post-processing/New Post-processing Profile.asset
  artifactKey: Guid(5610477f074d0cb429705e22004a3fcb) Importer(815301076,1909f56bfc062723c751e8b465ee728b)
Start importing Assets/post-processing/New Post-processing Profile.asset using Guid(5610477f074d0cb429705e22004a3fcb) Importer(815301076,1909f56bfc062723c751e8b465ee728b)  -> (artifact id: 'e35430f829521fd74d181fb3048be4ca') in 0.022756 seconds 
========================================================================
Received Prepare
Registering precompiled user dll's ...
Registered in 0.006179 seconds.
Begin MonoManager ReloadAssembly
Symbol file LoadedFromMemory doesn't match image C:\Users\ASUS\Desktop\Slice-it-all-3d-main\slice-it-all-clone\Library\PackageCache\com.unity.visualscripting@1.7.8\Editor\VisualScripting.Core\Dependencies\YamlDotNet\Unity.VisualScripting.YamlDotNet.dll
Symbol file LoadedFromMemory doesn't match image C:\Users\ASUS\Desktop\Slice-it-all-3d-main\slice-it-all-clone\Library\PackageCache\com.unity.visualscripting@1.7.8\Editor\VisualScripting.Core\Dependencies\DotNetZip\Unity.VisualScripting.IonicZip.dll
Native extension for WindowsStandalone target not found
Native extension for iOS target not found
Native extension for Android target not found
Refreshing native plugins compatible for Editor in 0.95 ms, found 3 plugins.
Preloading 0 native plugins for Editor in 0.00 ms.
Mono: successfully reloaded assembly
- Completed reload, in  1.814 seconds
Domain Reload Profiling:
	ReloadAssembly (1815ms)
		BeginReloadAssembly (248ms)
			ExecutionOrderSort (0ms)
			DisableScriptedObjects (12ms)
			BackupInstance (0ms)
			ReleaseScriptingObjects (0ms)
			CreateAndSetChildDomain (83ms)
		EndReloadAssembly (1427ms)
			LoadAssemblies (159ms)
			RebuildTransferFunctionScriptingTraits (0ms)
			SetupTypeCache (438ms)
			ReleaseScriptCaches (3ms)
			RebuildScriptCaches (81ms)
			SetupLoadedEditorAssemblies (618ms)
				LogAssemblyErrors (0ms)
				InitializePlatformSupportModulesInManaged (41ms)
				SetLoadedEditorAssemblies (1ms)
				RefreshPlugins (1ms)
				BeforeProcessingInitializeOnLoad (131ms)
				ProcessInitializeOnLoadAttributes (333ms)
				ProcessInitializeOnLoadMethodAttributes (103ms)
				AfterProcessingInitializeOnLoad (9ms)
				EditorAssembliesLoaded (0ms)
			ExecutionOrderSort2 (0ms)
			AwakeInstancesAfterBackupRestoration (21ms)
Platform modules already initialized, skipping
Refreshing native plugins compatible for Editor in 2.57 ms, found 3 plugins.
Preloading 0 native plugins for Editor in 0.00 ms.
Unloading 5196 Unused Serialized files (Serialized files now loaded: 0)
Unloading 67 unused Assets / (4.0 MB). Loaded Objects now: 5983.
Memory consumption went from 214.7 MB to 210.7 MB.
Total: 5.657200 ms (FindLiveObjects: 0.547400 ms CreateObjectMapping: 0.679800 ms MarkObjects: 3.095100 ms  DeleteObjects: 1.333600 ms)

AssetImportParameters requested are different than current active one (requested -> active):
  custom:video-decoder-ogg-theora: a1e56fd34408186e4bbccfd4996cb3dc -> 
  custom:container-muxer-webm: aa71ff27fc2769a1b78a27578f13a17b -> 
  custom:container-demuxer-webm: 4f35f7cbe854078d1ac9338744f61a02 -> 
  custom:video-encoder-webm-vp8: eb34c28f22e8b96e1ab97ce403110664 -> 
  custom:video-codec-MediaFoundation-h265: 746d11721c4dcdbdad8f713fa42b33f4 -> 
  custom:audio-encoder-webm-vorbis: bf7c407c2cedff20999df2af8eb42d56 -> 
  custom:framework-win-MediaFoundation: 216162199b28c13a410421893ffa2e32 -> 
  custom:container-demuxer-ogg: 62fdf1f143b41e24485cea50d1cbac27 -> 
  custom:video-decoder-webm-vp8: 9c59270c3fd7afecdb556c50c9e8de78 -> 
  custom:audio-decoder-ogg-vorbis: bf7c407c2cedff20999df2af8eb42d56 -> 
========================================================================
Received Import Request.
  Time since last request: 665.159742 seconds.
  path: Assets/URP
  artifactKey: Guid(93196787604565c46b3d9da73725dfbb) Importer(815301076,1909f56bfc062723c751e8b465ee728b)
Start importing Assets/URP using Guid(93196787604565c46b3d9da73725dfbb) Importer(815301076,1909f56bfc062723c751e8b465ee728b)  -> (artifact id: 'a44ce242427fe0667b41b9bf1e3b6a5c') in 0.027863 seconds 
========================================================================
Received Prepare
Registering precompiled user dll's ...
Registered in 0.005862 seconds.
Begin MonoManager ReloadAssembly
Symbol file LoadedFromMemory doesn't match image C:\Users\ASUS\Desktop\Slice-it-all-3d-main\slice-it-all-clone\Library\PackageCache\com.unity.visualscripting@1.7.8\Editor\VisualScripting.Core\Dependencies\YamlDotNet\Unity.VisualScripting.YamlDotNet.dll
Symbol file LoadedFromMemory doesn't match image C:\Users\ASUS\Desktop\Slice-it-all-3d-main\slice-it-all-clone\Library\PackageCache\com.unity.visualscripting@1.7.8\Editor\VisualScripting.Core\Dependencies\DotNetZip\Unity.VisualScripting.IonicZip.dll
Native extension for WindowsStandalone target not found
Native extension for iOS target not found
Native extension for Android target not found
Refreshing native plugins compatible for Editor in 0.91 ms, found 3 plugins.
Preloading 0 native plugins for Editor in 0.00 ms.
Mono: successfully reloaded assembly
- Completed reload, in  1.907 seconds
Domain Reload Profiling:
	ReloadAssembly (1908ms)
		BeginReloadAssembly (260ms)
			ExecutionOrderSort (0ms)
			DisableScriptedObjects (9ms)
			BackupInstance (0ms)
			ReleaseScriptingObjects (0ms)
			CreateAndSetChildDomain (87ms)
		EndReloadAssembly (1494ms)
			LoadAssemblies (161ms)
			RebuildTransferFunctionScriptingTraits (0ms)
			SetupTypeCache (463ms)
			ReleaseScriptCaches (4ms)
			RebuildScriptCaches (82ms)
			SetupLoadedEditorAssemblies (660ms)
				LogAssemblyErrors (0ms)
				InitializePlatformSupportModulesInManaged (47ms)
				SetLoadedEditorAssemblies (1ms)
				RefreshPlugins (1ms)
				BeforeProcessingInitializeOnLoad (109ms)
				ProcessInitializeOnLoadAttributes (367ms)
				ProcessInitializeOnLoadMethodAttributes (129ms)
				AfterProcessingInitializeOnLoad (6ms)
				EditorAssembliesLoaded (1ms)
			ExecutionOrderSort2 (0ms)
			AwakeInstancesAfterBackupRestoration (25ms)
Platform modules already initialized, skipping
Refreshing native plugins compatible for Editor in 2.57 ms, found 3 plugins.
Preloading 0 native plugins for Editor in 0.00 ms.
Unloading 5196 Unused Serialized files (Serialized files now loaded: 0)
Unloading 67 unused Assets / (4.0 MB). Loaded Objects now: 5986.
Memory consumption went from 214.6 MB to 210.7 MB.
Total: 10.850200 ms (FindLiveObjects: 1.194700 ms CreateObjectMapping: 1.798400 ms MarkObjects: 6.426600 ms  DeleteObjects: 1.424700 ms)

AssetImportParameters requested are different than current active one (requested -> active):
  custom:video-decoder-ogg-theora: a1e56fd34408186e4bbccfd4996cb3dc -> 
  custom:container-muxer-webm: aa71ff27fc2769a1b78a27578f13a17b -> 
  custom:container-demuxer-webm: 4f35f7cbe854078d1ac9338744f61a02 -> 
  custom:video-encoder-webm-vp8: eb34c28f22e8b96e1ab97ce403110664 -> 
  custom:video-codec-MediaFoundation-h265: 746d11721c4dcdbdad8f713fa42b33f4 -> 
  custom:audio-encoder-webm-vorbis: bf7c407c2cedff20999df2af8eb42d56 -> 
  custom:framework-win-MediaFoundation: 216162199b28c13a410421893ffa2e32 -> 
  custom:container-demuxer-ogg: 62fdf1f143b41e24485cea50d1cbac27 -> 
  custom:video-decoder-webm-vp8: 9c59270c3fd7afecdb556c50c9e8de78 -> 
  custom:audio-decoder-ogg-vorbis: bf7c407c2cedff20999df2af8eb42d56 -> 
========================================================================
Received Import Request.
  Time since last request: 141.581210 seconds.
  path: Assets/Scenes/Level 1.unity
  artifactKey: Guid(97645eb982397074ebed22be1f28da80) Importer(815301076,1909f56bfc062723c751e8b465ee728b)
Start importing Assets/Scenes/Level 1.unity using Guid(97645eb982397074ebed22be1f28da80) Importer(815301076,1909f56bfc062723c751e8b465ee728b)  -> (artifact id: '9e96bfbc4217d8fe612f3b4a00502805') in 0.021004 seconds 
========================================================================
Received Import Request.
  Time since last request: 7.493303 seconds.
  path: Assets/Scenes/Level 2.unity
  artifactKey: Guid(bd2af4a9baf465645bb2f57c5bab9d45) Importer(815301076,1909f56bfc062723c751e8b465ee728b)
Start importing Assets/Scenes/Level 2.unity using Guid(bd2af4a9baf465645bb2f57c5bab9d45) Importer(815301076,1909f56bfc062723c751e8b465ee728b)  -> (artifact id: 'a1e924497966a048c5122021ceeafacc') in 0.009037 seconds 
========================================================================
Received Import Request.
  Time since last request: 421.996881 seconds.
  path: Assets/Font
  artifactKey: Guid(bd2ae2138d849044d93f864920457a48) Importer(815301076,1909f56bfc062723c751e8b465ee728b)
Start importing Assets/Font using Guid(bd2ae2138d849044d93f864920457a48) Importer(815301076,1909f56bfc062723c751e8b465ee728b)  -> (artifact id: '3662b72fc07bb002809ca078646f1687') in 0.011749 seconds 
========================================================================
Received Import Request.
  Time since last request: 1.471913 seconds.
  path: Assets/Materials/New Material.mat
  artifactKey: Guid(ebff79083a56fbf419978aa39a6e5864) Importer(815301076,1909f56bfc062723c751e8b465ee728b)
Start importing Assets/Materials/New Material.mat using Guid(ebff79083a56fbf419978aa39a6e5864) Importer(815301076,1909f56bfc062723c751e8b465ee728b)  -> (artifact id: 'bbf91e2cb7927166ef168c670365db98') in 0.305903 seconds 
========================================================================
Received Import Request.
  Time since last request: 0.892057 seconds.
  path: Assets/Packages
  artifactKey: Guid(9dde473116c8d5f40bb67723629f5afc) Importer(815301076,1909f56bfc062723c751e8b465ee728b)
Start importing Assets/Packages using Guid(9dde473116c8d5f40bb67723629f5afc) Importer(815301076,1909f56bfc062723c751e8b465ee728b)  -> (artifact id: 'bc868d0c81f1b028f657ae49623b6222') in 0.010430 seconds 
========================================================================
Received Prepare
Registering precompiled user dll's ...
Registered in 0.006071 seconds.
Begin MonoManager ReloadAssembly
Symbol file LoadedFromMemory doesn't match image C:\Users\ASUS\Desktop\Slice-it-all-3d-main\slice-it-all-clone\Library\PackageCache\com.unity.visualscripting@1.7.8\Editor\VisualScripting.Core\Dependencies\YamlDotNet\Unity.VisualScripting.YamlDotNet.dll
Symbol file LoadedFromMemory doesn't match image C:\Users\ASUS\Desktop\Slice-it-all-3d-main\slice-it-all-clone\Library\PackageCache\com.unity.visualscripting@1.7.8\Editor\VisualScripting.Core\Dependencies\DotNetZip\Unity.VisualScripting.IonicZip.dll
Native extension for WindowsStandalone target not found
Native extension for iOS target not found
Native extension for Android target not found
Refreshing native plugins compatible for Editor in 0.88 ms, found 3 plugins.
Preloading 0 native plugins for Editor in 0.00 ms.
Mono: successfully reloaded assembly
- Completed reload, in  1.507 seconds
Domain Reload Profiling:
	ReloadAssembly (1508ms)
		BeginReloadAssembly (277ms)
			ExecutionOrderSort (0ms)
			DisableScriptedObjects (17ms)
			BackupInstance (0ms)
			ReleaseScriptingObjects (0ms)
			CreateAndSetChildDomain (86ms)
		EndReloadAssembly (1085ms)
			LoadAssemblies (160ms)
			RebuildTransferFunctionScriptingTraits (0ms)
			SetupTypeCache (361ms)
			ReleaseScriptCaches (2ms)
			RebuildScriptCaches (51ms)
			SetupLoadedEditorAssemblies (481ms)
				LogAssemblyErrors (0ms)
				InitializePlatformSupportModulesInManaged (34ms)
				SetLoadedEditorAssemblies (1ms)
				RefreshPlugins (1ms)
				BeforeProcessingInitializeOnLoad (108ms)
				ProcessInitializeOnLoadAttributes (243ms)
				ProcessInitializeOnLoadMethodAttributes (89ms)
				AfterProcessingInitializeOnLoad (6ms)
				EditorAssembliesLoaded (0ms)
			ExecutionOrderSort2 (0ms)
			AwakeInstancesAfterBackupRestoration (14ms)
Platform modules already initialized, skipping
Refreshing native plugins compatible for Editor in 2.65 ms, found 3 plugins.
Preloading 0 native plugins for Editor in 0.00 ms.
Unloading 5195 Unused Serialized files (Serialized files now loaded: 0)
Unloading 67 unused Assets / (4.0 MB). Loaded Objects now: 6029.
Memory consumption went from 214.7 MB to 210.7 MB.
Total: 13.515900 ms (FindLiveObjects: 0.955300 ms CreateObjectMapping: 1.772600 ms MarkObjects: 8.102400 ms  DeleteObjects: 2.683400 ms)

AssetImportParameters requested are different than current active one (requested -> active):
  custom:video-decoder-ogg-theora: a1e56fd34408186e4bbccfd4996cb3dc -> 
  custom:container-muxer-webm: aa71ff27fc2769a1b78a27578f13a17b -> 
  custom:container-demuxer-webm: 4f35f7cbe854078d1ac9338744f61a02 -> 
  custom:video-encoder-webm-vp8: eb34c28f22e8b96e1ab97ce403110664 -> 
  custom:video-codec-MediaFoundation-h265: 746d11721c4dcdbdad8f713fa42b33f4 -> 
  custom:audio-encoder-webm-vorbis: bf7c407c2cedff20999df2af8eb42d56 -> 
  custom:framework-win-MediaFoundation: 216162199b28c13a410421893ffa2e32 -> 
  custom:container-demuxer-ogg: 62fdf1f143b41e24485cea50d1cbac27 -> 
  custom:video-decoder-webm-vp8: 9c59270c3fd7afecdb556c50c9e8de78 -> 
  custom:audio-decoder-ogg-vorbis: bf7c407c2cedff20999df2af8eb42d56 -> 
========================================================================
Received Import Request.
  Time since last request: 541.017250 seconds.
  path: Packages/com.unity.render-pipelines.universal/Runtime/Passes/PostProcessPass.cs
  artifactKey: Guid(858a96c3295017349ab0f956b9883bb9) Importer(815301076,1909f56bfc062723c751e8b465ee728b)
Start importing Packages/com.unity.render-pipelines.universal/Runtime/Passes/PostProcessPass.cs using Guid(858a96c3295017349ab0f956b9883bb9) Importer(815301076,1909f56bfc062723c751e8b465ee728b)  -> (artifact id: '688a38364d04af4ded6ab76152b61dbb') in 0.052537 seconds 
========================================================================
Received Import Request.
  Time since last request: 2800.936400 seconds.
  path: ProjectSettings/TagManager.asset
  artifactKey: Guid(00000000000000003000000000000000) Importer(815301076,1909f56bfc062723c751e8b465ee728b)
Start importing ProjectSettings/TagManager.asset using Guid(00000000000000003000000000000000) Importer(815301076,1909f56bfc062723c751e8b465ee728b)  -> (artifact id: '0f2185be932a0aa3bff5e78260700679') in 0.031900 seconds 
========================================================================
Received Import Request.
  Time since last request: 199.983784 seconds.
  path: Assets/Packages/ezy-slice-master
  artifactKey: Guid(0a4e5e7d7f8718048a140741cca3ae18) Importer(815301076,1909f56bfc062723c751e8b465ee728b)
Start importing Assets/Packages/ezy-slice-master using Guid(0a4e5e7d7f8718048a140741cca3ae18) Importer(815301076,1909f56bfc062723c751e8b465ee728b)  -> (artifact id: '550fac4b90969dd9e7b85aad7a21d4d9') in 0.013143 seconds 
========================================================================
Received Import Request.
  Time since last request: 55.572464 seconds.
  path: Assets/Scenes/Level 2.unity
  artifactKey: Guid(bd2af4a9baf465645bb2f57c5bab9d45) Importer(815301076,1909f56bfc062723c751e8b465ee728b)
Start importing Assets/Scenes/Level 2.unity using Guid(bd2af4a9baf465645bb2f57c5bab9d45) Importer(815301076,1909f56bfc062723c751e8b465ee728b)  -> (artifact id: '112bc848f29b51f51b40c5dca5f5afa1') in 0.003797 seconds 
========================================================================
Received Import Request.
  Time since last request: 26.088198 seconds.
  path: Assets/Scenes/Level 1.unity
  artifactKey: Guid(97645eb982397074ebed22be1f28da80) Importer(815301076,1909f56bfc062723c751e8b465ee728b)
Start importing Assets/Scenes/Level 1.unity using Guid(97645eb982397074ebed22be1f28da80) Importer(815301076,1909f56bfc062723c751e8b465ee728b)  -> (artifact id: 'a4a205dfb7f06122e9afd4738bff1bf7') in 0.005150 seconds 
========================================================================
Received Import Request.
  Time since last request: 13.652438 seconds.
  path: Assets/Scenes/Level 2.unity
  artifactKey: Guid(bd2af4a9baf465645bb2f57c5bab9d45) Importer(815301076,1909f56bfc062723c751e8b465ee728b)
Start importing Assets/Scenes/Level 2.unity using Guid(bd2af4a9baf465645bb2f57c5bab9d45) Importer(815301076,1909f56bfc062723c751e8b465ee728b)  -> (artifact id: 'd7103bf2a4f2639b3f5a3bf5d6a47574') in 0.004891 seconds 
========================================================================
Received Import Request.
  Time since last request: 8.973511 seconds.
  path: Assets/Scenes/Level 1.unity
  artifactKey: Guid(97645eb982397074ebed22be1f28da80) Importer(815301076,1909f56bfc062723c751e8b465ee728b)
Start importing Assets/Scenes/Level 1.unity using Guid(97645eb982397074ebed22be1f28da80) Importer(815301076,1909f56bfc062723c751e8b465ee728b)  -> (artifact id: '2830bccb7fb8c28eb2feac60e6ca3369') in 0.003991 seconds 
========================================================================
Received Import Request.
  Time since last request: 181.460131 seconds.
  path: Assets/Scenes/Level 1.unity
  artifactKey: Guid(97645eb982397074ebed22be1f28da80) Importer(815301076,1909f56bfc062723c751e8b465ee728b)
Start importing Assets/Scenes/Level 1.unity using Guid(97645eb982397074ebed22be1f28da80) Importer(815301076,1909f56bfc062723c751e8b465ee728b)  -> (artifact id: '659c07700aa5899a7e080abf84920d7d') in 0.003624 seconds 
========================================================================
Received Import Request.
  Time since last request: 119.689064 seconds.
  path: Assets/Scenes/SampleScene.unity
  artifactKey: Guid(9fc0d4010bbf28b4594072e72b8655ab) Importer(815301076,1909f56bfc062723c751e8b465ee728b)
Start importing Assets/Scenes/SampleScene.unity using Guid(9fc0d4010bbf28b4594072e72b8655ab) Importer(815301076,1909f56bfc062723c751e8b465ee728b)  -> (artifact id: '099950904219955224e06c2626aa3c48') in 0.009864 seconds 
========================================================================
Received Import Request.
  Time since last request: 174.818722 seconds.
  path: Assets/Scripts/gamecontrol.cs
  artifactKey: Guid(487c03cabed23c94e87fe367ffaa1a3a) Importer(815301076,1909f56bfc062723c751e8b465ee728b)
Start importing Assets/Scripts/gamecontrol.cs using Guid(487c03cabed23c94e87fe367ffaa1a3a) Importer(815301076,1909f56bfc062723c751e8b465ee728b)  -> (artifact id: '1ceb9a26c686f42e8f1da82c1a273c79') in 0.009941 seconds 
========================================================================
Received Prepare
Registering precompiled user dll's ...
Registered in 0.006350 seconds.
Begin MonoManager ReloadAssembly
Symbol file LoadedFromMemory doesn't match image C:\Users\ASUS\Desktop\Slice-it-all-3d-main\slice-it-all-clone\Library\PackageCache\com.unity.visualscripting@1.7.8\Editor\VisualScripting.Core\Dependencies\YamlDotNet\Unity.VisualScripting.YamlDotNet.dll
Symbol file LoadedFromMemory doesn't match image C:\Users\ASUS\Desktop\Slice-it-all-3d-main\slice-it-all-clone\Library\PackageCache\com.unity.visualscripting@1.7.8\Editor\VisualScripting.Core\Dependencies\DotNetZip\Unity.VisualScripting.IonicZip.dll
Native extension for WindowsStandalone target not found
Native extension for iOS target not found
Native extension for Android target not found
Refreshing native plugins compatible for Editor in 1.76 ms, found 3 plugins.
Preloading 0 native plugins for Editor in 0.00 ms.
Mono: successfully reloaded assembly
- Completed reload, in  2.199 seconds
Domain Reload Profiling:
	ReloadAssembly (2200ms)
		BeginReloadAssembly (264ms)
			ExecutionOrderSort (0ms)
			DisableScriptedObjects (10ms)
			BackupInstance (0ms)
			ReleaseScriptingObjects (0ms)
			CreateAndSetChildDomain (86ms)
		EndReloadAssembly (1772ms)
			LoadAssemblies (182ms)
			RebuildTransferFunctionScriptingTraits (0ms)
			SetupTypeCache (581ms)
			ReleaseScriptCaches (6ms)
			RebuildScriptCaches (104ms)
			SetupLoadedEditorAssemblies (757ms)
				LogAssemblyErrors (0ms)
				InitializePlatformSupportModulesInManaged (53ms)
				SetLoadedEditorAssemblies (1ms)
				RefreshPlugins (2ms)
				BeforeProcessingInitializeOnLoad (153ms)
				ProcessInitializeOnLoadAttributes (396ms)
				ProcessInitializeOnLoadMethodAttributes (142ms)
				AfterProcessingInitializeOnLoad (10ms)
				EditorAssembliesLoaded (0ms)
			ExecutionOrderSort2 (0ms)
			AwakeInstancesAfterBackupRestoration (21ms)
Platform modules already initialized, skipping
Refreshing native plugins compatible for Editor in 3.51 ms, found 3 plugins.
Preloading 0 native plugins for Editor in 0.00 ms.
Unloading 5196 Unused Serialized files (Serialized files now loaded: 0)
Unloading 68 unused Assets / (4.0 MB). Loaded Objects now: 6032.
Memory consumption went from 214.7 MB to 210.7 MB.
Total: 7.857000 ms (FindLiveObjects: 0.719300 ms CreateObjectMapping: 0.507700 ms MarkObjects: 4.561400 ms  DeleteObjects: 2.067200 ms)

AssetImportParameters requested are different than current active one (requested -> active):
  custom:video-decoder-ogg-theora: a1e56fd34408186e4bbccfd4996cb3dc -> 
  custom:container-muxer-webm: aa71ff27fc2769a1b78a27578f13a17b -> 
  custom:container-demuxer-webm: 4f35f7cbe854078d1ac9338744f61a02 -> 
  custom:video-encoder-webm-vp8: eb34c28f22e8b96e1ab97ce403110664 -> 
  custom:video-codec-MediaFoundation-h265: 746d11721c4dcdbdad8f713fa42b33f4 -> 
  custom:audio-encoder-webm-vorbis: bf7c407c2cedff20999df2af8eb42d56 -> 
  custom:framework-win-MediaFoundation: 216162199b28c13a410421893ffa2e32 -> 
  custom:container-demuxer-ogg: 62fdf1f143b41e24485cea50d1cbac27 -> 
  custom:video-decoder-webm-vp8: 9c59270c3fd7afecdb556c50c9e8de78 -> 
  custom:audio-decoder-ogg-vorbis: bf7c407c2cedff20999df2af8eb42d56 -> 
========================================================================
Received Import Request.
  Time since last request: 255.627263 seconds.
  path: Assets/Scenes/Level 1.unity
  artifactKey: Guid(97645eb982397074ebed22be1f28da80) Importer(815301076,1909f56bfc062723c751e8b465ee728b)
Start importing Assets/Scenes/Level 1.unity using Guid(97645eb982397074ebed22be1f28da80) Importer(815301076,1909f56bfc062723c751e8b465ee728b)  -> (artifact id: '8b0014f5803384bfa0bcee9dd8a521cc') in 0.016852 seconds 
========================================================================
Received Import Request.
  Time since last request: 43.220654 seconds.
  path: Assets/Scenes/Level 2.unity
  artifactKey: Guid(bd2af4a9baf465645bb2f57c5bab9d45) Importer(815301076,1909f56bfc062723c751e8b465ee728b)
Start importing Assets/Scenes/Level 2.unity using Guid(bd2af4a9baf465645bb2f57c5bab9d45) Importer(815301076,1909f56bfc062723c751e8b465ee728b)  -> (artifact id: 'f5e9e6e64f46f199b46f9fac62c27ce3') in 0.003377 seconds 
========================================================================
Received Import Request.
  Time since last request: 23.086068 seconds.
  path: Assets/Scenes/Level 1.unity
  artifactKey: Guid(97645eb982397074ebed22be1f28da80) Importer(815301076,1909f56bfc062723c751e8b465ee728b)
Start importing Assets/Scenes/Level 1.unity using Guid(97645eb982397074ebed22be1f28da80) Importer(815301076,1909f56bfc062723c751e8b465ee728b)  -> (artifact id: '7ead355af8e19c65fee8225dfbfe48fa') in 0.003473 seconds 
========================================================================
Received Import Request.
  Time since last request: 1.575849 seconds.
  path: Assets/Scenes/Level 2.unity
  artifactKey: Guid(bd2af4a9baf465645bb2f57c5bab9d45) Importer(815301076,1909f56bfc062723c751e8b465ee728b)
Start importing Assets/Scenes/Level 2.unity using Guid(bd2af4a9baf465645bb2f57c5bab9d45) Importer(815301076,1909f56bfc062723c751e8b465ee728b)  -> (artifact id: '7afc91a353a9b8c8751115d757805321') in 0.003526 seconds 
========================================================================
Received Import Request.
  Time since last request: 85.594367 seconds.
  path: Assets/Scenes/Level 1.unity
  artifactKey: Guid(97645eb982397074ebed22be1f28da80) Importer(815301076,1909f56bfc062723c751e8b465ee728b)
Start importing Assets/Scenes/Level 1.unity using Guid(97645eb982397074ebed22be1f28da80) Importer(815301076,1909f56bfc062723c751e8b465ee728b)  -> (artifact id: 'e34571bc51bf62584783b0e8698c424b') in 0.003200 seconds 
========================================================================
Received Import Request.
  Time since last request: 38.831257 seconds.
  path: Assets/Scenes/Level 2.unity
  artifactKey: Guid(bd2af4a9baf465645bb2f57c5bab9d45) Importer(815301076,1909f56bfc062723c751e8b465ee728b)
Start importing Assets/Scenes/Level 2.unity using Guid(bd2af4a9baf465645bb2f57c5bab9d45) Importer(815301076,1909f56bfc062723c751e8b465ee728b)  -> (artifact id: '1c8f8418ecf76fe45eb194a8f12bb5e6') in 0.003798 seconds 
========================================================================
Received Import Request.
  Time since last request: 45.917328 seconds.
  path: Assets/Scenes/Level 1.unity
  artifactKey: Guid(97645eb982397074ebed22be1f28da80) Importer(815301076,1909f56bfc062723c751e8b465ee728b)
Start importing Assets/Scenes/Level 1.unity using Guid(97645eb982397074ebed22be1f28da80) Importer(815301076,1909f56bfc062723c751e8b465ee728b)  -> (artifact id: '41edfdeb9d69ddfe9de2ea910b2db79c') in 0.003391 seconds 
